
MPP module $Id mpp.F90 $$Name: latest $
MPP started with NPES=   1
Using MPI library for message passing...
Realtime clock resolution=  1.0000E-06 sec (   1000000 ticks/sec)
Clock rolls over after   9.2234E+12 sec ( 9223372036854775806 ticks)

MPP module $Id mpp_parameter.F90 $$Name: latest $

MPP module $Id mpp_data.F90 $$Name: latest $

MPP_DOMAINS module $Id: mpp_domains.F90,v 13.0 2006/03/28 21:42:16 fms Exp $$Name: latest $

MPP_IO module $Id: mpp_io.F90,v 13.0 2006/03/28 21:42:28 fms Exp $
MPP_IO module $Name: latest $

Using netCDF library version "4.0" of Apr 22 2009 16:14:34 $
 &FMS_IO_NML
 FMS_NETCDF_OVERRIDE     = T,
 FMS_NETCDF_RESTART      = T,
 THREADING_READ  = multi                           ,
 FILESET_READ    = single                          ,
 THREADING_WRITE = single                          ,
 FILESET_WRITE   = single                          ,
 FORMAT  = netcdf                          ,
 READ_ALL_PE     = T,
 IOSPEC_IEEE32   = -N ieee_32                                                      ,
 MAX_FILES_W     =          40,
 MAX_FILES_R     =          40,
 READ_DATA_BUG   = F
 /

================================================================================
$Id: fms_io.F90,v 13.0 2006/03/28 21:39:14 fms Exp $
$Name: latest $

================================================================================
$Id: fms.f90,v 13.0 2006/03/28 21:39:10 fms Exp $
$Name: latest $
 &FMS_NML
 READ_ALL_PE     = T,
 CLOCK_GRAIN     = NONE            ,
 CLOCK_FLAGS     = NONE            ,
 WARNING_LEVEL   = warning ,
 IOSPEC_IEEE32   = -N ieee_32                                                      ,
 STACK_SIZE      =           0,
 DOMAINS_STACK_SIZE      =      600000,
 PRINT_MEMORY_USAGE      = F
 /
 nml_error_codes=           0

================================================================================
$Id: constants.f90,v 13.0 2006/03/28 21:37:37 fms Exp $
$Name: latest $

================================================================================
$Id: tracer_manager.F90,v 13.0 2006/03/28 21:43:35 fms Exp $
$Name: latest $

================================================================================
$Id: atmos_model.f90,v 13.0 2006/03/28 21:05:33 fms Exp $
$Name: latest $
 &MAIN_NML
 CURRENT_TIME    = 4*0,
 DT_ATMOS        =        1200,
 DAYS    =          50,
 HOURS   =           0,
 MINUTES =           0,
 SECONDS =           0
 /
  current time used = day    0 hour  0:00:00
Number of tracers =  0
Number of prognostic tracers =  0
Number of diagnostic tracers =  0

================================================================================
$Id: time_manager.F90,v 13.0 2006/03/28 21:43:20 fms Exp $
$Name: latest $
 &DIAG_MANAGER_NML
 APPEND_PELIST_NAME      = F,
 MIX_SNAPSHOT_AVERAGE_FIELDS     = F,
 MAX_OUTPUT_FIELDS       =         300,
 MAX_INPUT_FIELDS        =         300,
 MAX_AXES        =          60,
 DO_DIAG_FIELD_LOG       = F,
 WRITE_BYTES_IN_FILE     = F,
 DEBUG_DIAG_MANAGER      = F
 /

================================================================================
$Id: diag_axis.f90,v 13.0 2006/03/28 21:37:49 fms Exp $
$Name: latest $

================================================================================
$Id: diag_manager.f90,v 13.1 2006/04/25 23:23:27 fms Exp $
$Name: latest $
base date used =    0 day  0  0:00:00 gmt

================================================================================
$Id: atmosphere.f90,v 10.0 2003/10/24 22:01:01 fms Exp $
$Name: latest $
 &ATMOSPHERE_NML
 PRINT_INTERVAL  =       86400
 /

================================================================================
$Id: shallow_dynamics.f90,v 10.0 2003/10/24 22:01:02 fms Exp $
$Name: latest $
 &SHALLOW_DYNAMICS_NML
 CHECK_FOURIER_IMAG      = F,
 SOUTH_TO_NORTH  = T,
 TRIANG_TRUNC    = T,
 NUM_LON =         256,
 NUM_LAT =         128,
 NUM_FOURIER     =          85,
 NUM_SPHERICAL   =          86,
 FOURIER_INC     =           1,
 LONGITUDE_ORIGIN        =  0.000000000000000E+000,
 DAMPING_OPTION  = resolution_dependent                                            ,
 DAMPING_ORDER   =           4,
 DAMPING_COEFF   =  1.600000000000000E-005,
 ROBERT_COEFF    =  4.000000000000000E-002,
 ROBERT_COEFF_TRACER     =  4.000000000000000E-002,
 H_0     =   40000.0000000000     ,
 SPEC_TRACER     = T,
 GRID_TRACER     = T,
 VALID_RANGE_V   =  -1000.00000000000     ,   1000.00000000000     
 /

================================================================================
$Id: transforms.f90,v 13.0 2006/03/28 21:18:36 fms Exp $
$Name: latest $
 &TRANSFORMS_NML
 CHECK_FOURIER_IMAG      = F
 /

================================================================================
$Id: spec_mpp.f90,v 13.0 2006/03/28 21:18:27 fms Exp $
$Name: latest $

================================================================================
$Id: spherical_fourier.f90,v 13.0 2006/03/28 21:18:33 fms Exp $
$Name: latest $

================================================================================
$Id: spherical.f90,v 13.0 2006/03/28 21:18:30 fms Exp $
$Name: latest $

================================================================================
$Id: gauss_and_legendre.f90,v 10.0 2003/10/24 22:01:02 fms Exp $
$Name: latest $

================================================================================
$Id: grid_fourier.f90,v 11.0 2004/09/28 19:30:50 fms Exp $
$Name: latest $

================================================================================
$Id: fft.F90,v 13.0 2006/03/28 21:38:54 fms Exp $
$Name: latest $

================================================================================
$Id: spectral_damping.f90,v 13.0 2006/03/28 21:18:04 fms Exp $
$Name: latest $

================================================================================
$Id: fv_advection.f90,v 13.0 2006/03/28 21:17:47 fms Exp $
$Name: latest $

================================================================================
$Id: shallow_physics.f90,v 10.0 2003/10/24 22:01:02 fms Exp $
$Name: latest $

================================================================================
$Id: shallow_diagnostics.f90,v 10.0 2003/10/24 22:01:02 fms Exp $
$Name: latest $

================================================================================
$Id leapfrog.f90 $
$Name: latest $

================================================================================
$Id: diag_output.f90,v 13.0 2006/03/28 21:38:03 fms Exp $
$Name: latest $
==============================================================================
$Id: shallow_diagnostics.f90,v 10.0 2003/10/24 22:01:02 fms Exp $
$Name: latest $

================================================================================
$Id leapfrog.f90 $
$Name: latest $

================================================================================
$Id: diag_output.f90,v 13.0 2006/03/28 21:38:03 fms Exp $
$Name: latest $
